<?xml version="1.0" encoding="UTF-8"?>
<!-- Generated by org.testng.reporters.JUnitReportReporter -->
<testsuite hostname="ITL_TESTER" failures="0" tests="1" name="Runner.TestRunner" time="0.141" errors="1" timestamp="2024-03-18T19:07:31 IST" skipped="0">
  <testcase classname="Runner.TestRunner" name="runScenario" time="0.141">
    <error message="Cannot invoke &quot;com.relevantcodes.extentreports.ExtentTest.log(com.relevantcodes.extentreports.LogStatus, String, String)&quot; because &quot;utility.HTMLReportGenerator.testcaseobj&quot; is null" type="java.lang.NullPointerException">
      <![CDATA[java.lang.NullPointerException: Cannot invoke "com.relevantcodes.extentreports.ExtentTest.log(com.relevantcodes.extentreports.LogStatus, String, String)" because "utility.HTMLReportGenerator.testcaseobj" is null
at utility.HTMLReportGenerator.StepDetails(HTMLReportGenerator.java:73)
at cucumberMap.Map.sendUserName(Map.java:41)
at ✽.user enter "PravinS" as username(file:///C:/Users/91993/eclipse-workspace/SmartPolicyProject/SmartPolicy-AdminPortal/src/test/resources/Business_Logic/Login.feature:6)
]]>
    </error>
  </testcase> <!-- runScenario -->
  <system-out/>
</testsuite> <!-- Runner.TestRunner -->
